Using pre-set license
Built from '2020.3/release' branch; Version is '2020.3.7f1 (dd97f2c94397) revision 14522354'; Using compiler version '192528614'; Build Type 'Release'
OS: 'Windows 10 Pro; OS build 19042.928; Version 2009; 64bit' Language: 'en' Physical Memory: 4095 MB
BatchMode: 1, IsHumanControllingUs: 0, StartBugReporterOnCrash: 0, Is64bit: 1, IsPro: 0

 COMMAND LINE ARGUMENTS:
C:\Program Files\Unity\Hub\Editor\2020.3.7f1\Editor\Unity.exe
-adb2
-batchMode
-noUpm
-name
AssetImportWorker2
-projectPath
C:/Users/David/Plinko Prototype
-logFile
Logs/AssetImportWorker2.log
-srvPort
52042
Successfully changed project path to: C:/Users/David/Plinko Prototype
C:/Users/David/Plinko Prototype
Using Asset Import Pipeline V2.
Refreshing native plugins compatible for Editor in 117.25 ms, found 0 plugins.
Preloading 0 native plugins for Editor in 0.00 ms.
Initialize engine version: 2020.3.7f1 (dd97f2c94397)
[Subsystems] Discovering subsystems at path C:/Program Files/Unity/Hub/Editor/2020.3.7f1/Editor/Data/Resources/UnitySubsystems
[Subsystems] Discovering subsystems at path C:/Users/David/Plinko Prototype/Assets
GfxDevice: creating device client; threaded=0
Direct3D:
    Version:  Direct3D 11.0 [level 11.0]
    Renderer: NVIDIA GeForce GT 630 (ID=0xf00)
    Vendor:   
    VRAM:     1989 MB
    Driver:   23.21.13.9135
Initialize mono
Mono path[0] = 'C:/Program Files/Unity/Hub/Editor/2020.3.7f1/Editor/Data/Managed'
Mono path[1] = 'C:/Program Files/Unity/Hub/Editor/2020.3.7f1/Editor/Data/MonoBleedingEdge/lib/mono/unityjit'
Mono config path = 'C:/Program Files/Unity/Hub/Editor/2020.3.7f1/Editor/Data/MonoBleedingEdge/etc'
Using monoOptions --debugger-agent=transport=dt_socket,embedding=1,server=y,suspend=n,address=127.0.0.1:56476
Begin MonoManager ReloadAssembly
Registering precompiled unity dll's ...
Register platform support module: C:/Program Files/Unity/Hub/Editor/2020.3.7f1/Editor/Data/PlaybackEngines/WindowsStandaloneSupport/UnityEditor.WindowsStandalone.Extensions.dll
Registered in 0.005830 seconds.
Native extension for WindowsStandalone target not found
Refreshing native plugins compatible for Editor in 106.55 ms, found 0 plugins.
Preloading 0 native plugins for Editor in 0.00 ms.
Mono: successfully reloaded assembly
- Completed reload, in  4.261 seconds
Platform modules already initialized, skipping
Registering precompiled user dll's ...
Registered in 0.002651 seconds.
Begin MonoManager ReloadAssembly
Native extension for WindowsStandalone target not found
Refreshing native plugins compatible for Editor in 1.05 ms, found 0 plugins.
Preloading 0 native plugins for Editor in 0.00 ms.
Mono: successfully reloaded assembly
- Completed reload, in  5.771 seconds
Platform modules already initialized, skipping
========================================================================
Worker process is ready to serve import requests
Launched and connected shader compiler UnityShaderCompiler.exe after 0.61 seconds
Refreshing native plugins compatible for Editor in 0.84 ms, found 0 plugins.
Preloading 0 native plugins for Editor in 0.00 ms.
Unloading 1698 Unused Serialized files (Serialized files now loaded: 0)
System memory in use before: 82.7 MB.
System memory in use after: 82.7 MB.

Unloading 103 unused Assets to reduce memory usage. Loaded Objects now: 2136.
Total: 6.768900 ms (FindLiveObjects: 0.435300 ms CreateObjectMapping: 0.090600 ms MarkObjects: 5.763300 ms  DeleteObjects: 0.476700 ms)

========================================================================
Received Import Request.
  path: Assets/A Plinko/Materials/PlinkoObstacle_Mat.mat
  artifactKey: Guid(7dfc87ed53e9ed345a0309c1a7bd9b08) Importer(815301076,1909f56bfc062723c751e8b465ee728b)
Start importing Assets/A Plinko/Materials/PlinkoObstacle_Mat.mat using Guid(7dfc87ed53e9ed345a0309c1a7bd9b08) Importer(815301076,1909f56bfc062723c751e8b465ee728b)  -> (artifact id: 'e7496c703666f8d4234326dca4d39beb') in 2.434276 seconds
  Import took 2.447326 seconds .

========================================================================
Received Import Request.
  Time since last request: 0.000587 seconds.
  path: Assets/Z Packages/Silbird-----/Prefabs/UI_Icon_TurnLeft.png
  artifactKey: Guid(26ce85985138837438df1f1b9fdc7ad9) Importer(815301076,1909f56bfc062723c751e8b465ee728b)
Start importing Assets/Z Packages/Silbird-----/Prefabs/UI_Icon_TurnLeft.png using Guid(26ce85985138837438df1f1b9fdc7ad9) Importer(815301076,1909f56bfc062723c751e8b465ee728b)  -> (artifact id: '5517c4b971556721103815f90dd269de') in 0.708301 seconds
  Import took 0.714929 seconds .

========================================================================
Received Import Request.
  Time since last request: 0.000423 seconds.
  path: Assets/Z Packages/Silbird-----/scripts/Change_Color.cs
  artifactKey: Guid(c250ade62378dc7448b4a9d6214c8f90) Importer(815301076,1909f56bfc062723c751e8b465ee728b)
Start importing Assets/Z Packages/Silbird-----/scripts/Change_Color.cs using Guid(c250ade62378dc7448b4a9d6214c8f90) Importer(815301076,1909f56bfc062723c751e8b465ee728b)  -> (artifact id: 'a5fd1079148583f35e7d60cbe9a484b1') in 0.259208 seconds
  Import took 0.276942 seconds .

========================================================================
Received Import Request.
  Time since last request: 0.000489 seconds.
  path: Assets/A Plinko/Materials/PlinkoGoal_Mat.mat
  artifactKey: Guid(85e89db5f7aed3441a32362a82bae224) Importer(815301076,1909f56bfc062723c751e8b465ee728b)
Start importing Assets/A Plinko/Materials/PlinkoGoal_Mat.mat using Guid(85e89db5f7aed3441a32362a82bae224) Importer(815301076,1909f56bfc062723c751e8b465ee728b)  -> (artifact id: '255311cc788086e0fc38a7f180063646') in 0.074626 seconds
  Import took 0.092350 seconds .

========================================================================
Received Import Request.
  Time since last request: 0.000490 seconds.
  path: Assets/A Plinko/Scenes/PlinkoTest.unity
  artifactKey: Guid(7faa25c36ac80eb4bb3b348c79000b49) Importer(815301076,1909f56bfc062723c751e8b465ee728b)
Start importing Assets/A Plinko/Scenes/PlinkoTest.unity using Guid(7faa25c36ac80eb4bb3b348c79000b49) Importer(815301076,1909f56bfc062723c751e8b465ee728b)  -> (artifact id: 'ccce5c332be94b024388ddb3627c7233') in 0.035157 seconds
  Import took 0.061311 seconds .

========================================================================
Received Import Request.
  Time since last request: 0.000382 seconds.
  path: Assets/Z Packages/Silbird-----/Scenes/Plinko.unity
  artifactKey: Guid(cbdcc6e7cc3c3fc4c97ae73e7f8bbbf7) Importer(815301076,1909f56bfc062723c751e8b465ee728b)
Start importing Assets/Z Packages/Silbird-----/Scenes/Plinko.unity using Guid(cbdcc6e7cc3c3fc4c97ae73e7f8bbbf7) Importer(815301076,1909f56bfc062723c751e8b465ee728b)  -> (artifact id: '5484a46b1beef7b6dd75c9fa2d3941b3') in 0.066652 seconds
  Import took 0.090319 seconds .

========================================================================
Received Import Request.
  Time since last request: 0.000500 seconds.
  path: Assets/A Plinko/PhysicsMaterial/PlinkoBall_PMat.physicMaterial
  artifactKey: Guid(8e2ef5fa3d88913438d65ae16486fe30) Importer(815301076,1909f56bfc062723c751e8b465ee728b)
Start importing Assets/A Plinko/PhysicsMaterial/PlinkoBall_PMat.physicMaterial using Guid(8e2ef5fa3d88913438d65ae16486fe30) Importer(815301076,1909f56bfc062723c751e8b465ee728b)  -> (artifact id: '7ac62e7e0cfaa93d02cf8bca3f9ecf12') in 0.042001 seconds
  Import took 0.051804 seconds .

========================================================================
Received Import Request.
  Time since last request: 0.000382 seconds.
  path: Assets/A Plinko/Materials/PlinkoBall_Mat.mat
  artifactKey: Guid(77c53e3f76ff88b42be3120c544169c1) Importer(815301076,1909f56bfc062723c751e8b465ee728b)
Start importing Assets/A Plinko/Materials/PlinkoBall_Mat.mat using Guid(77c53e3f76ff88b42be3120c544169c1) Importer(815301076,1909f56bfc062723c751e8b465ee728b)  -> (artifact id: 'a83a666f54dbbb8e2d37a6cdd1983550') in 0.105482 seconds
  Import took 0.115158 seconds .

========================================================================
Received Import Request.
  Time since last request: 0.000492 seconds.
  path: Assets/Z Packages/Silbird-----/Prefabs/UI_Icon_ArrowRight.png
  artifactKey: Guid(a771c6d97c0f47b4da7ea0276b0e875f) Importer(815301076,1909f56bfc062723c751e8b465ee728b)
Start importing Assets/Z Packages/Silbird-----/Prefabs/UI_Icon_ArrowRight.png using Guid(a771c6d97c0f47b4da7ea0276b0e875f) Importer(815301076,1909f56bfc062723c751e8b465ee728b)  -> (artifact id: '8ddb3e027254193923757f749560c4a3') in 0.098509 seconds
  Import took 0.114298 seconds .

========================================================================
Received Import Request.
  Time since last request: 104.019394 seconds.
  path: Assets/A Plinko/Prefabs/######  System   ######.prefab
  artifactKey: Guid(afbe0896cfe2166459804381ede706ee) Importer(815301076,1909f56bfc062723c751e8b465ee728b)
Start importing Assets/A Plinko/Prefabs/######  System   ######.prefab using Guid(afbe0896cfe2166459804381ede706ee) Importer(815301076,1909f56bfc062723c751e8b465ee728b)  -> (artifact id: 'c7f1a72f6dc1d4f09e3116fef91038d2') in 0.162786 seconds
  Import took 0.170017 seconds .

========================================================================
Received Import Request.
  Time since last request: 0.001652 seconds.
  path: Assets/A Plinko/Prefabs/Player.prefab
  artifactKey: Guid(6823265c29f8587409b9fbcb2b0daf53) Importer(815301076,1909f56bfc062723c751e8b465ee728b)
Start importing Assets/A Plinko/Prefabs/Player.prefab using Guid(6823265c29f8587409b9fbcb2b0daf53) Importer(815301076,1909f56bfc062723c751e8b465ee728b)  -> (artifact id: '218afc254c220627f54ba75516ddac31') in 0.368089 seconds
  Import took 0.374715 seconds .

========================================================================
Received Import Request.
  Time since last request: 0.000364 seconds.
  path: Assets/A Plinko/Prefabs/Canvas.prefab
  artifactKey: Guid(5cdbc71fd39efa242aee024f182250c8) Importer(815301076,1909f56bfc062723c751e8b465ee728b)
Start importing Assets/A Plinko/Prefabs/Canvas.prefab using Guid(5cdbc71fd39efa242aee024f182250c8) Importer(815301076,1909f56bfc062723c751e8b465ee728b)  -> (artifact id: '39847c244ef9b8fd4193bf2b055be1f5') in 0.633009 seconds
  Import took 0.646594 seconds .

========================================================================
Received Import Request.
  Time since last request: 0.000749 seconds.
  path: Assets/A Plinko/Prefabs/Plinko Ball.prefab
  artifactKey: Guid(09d3c18026dc2f647b4ec7bd029452fb) Importer(815301076,1909f56bfc062723c751e8b465ee728b)
Start importing Assets/A Plinko/Prefabs/Plinko Ball.prefab using Guid(09d3c18026dc2f647b4ec7bd029452fb) Importer(815301076,1909f56bfc062723c751e8b465ee728b)  -> (artifact id: 'a2020832d8f83a8f695154187da76ed0') in 0.102331 seconds
  Import took 0.131074 seconds .

========================================================================
Received Import Request.
  Time since last request: 30.391444 seconds.
  path: Assets/A Plinko/Scripts/PlinkoScore.cs
  artifactKey: Guid(3e45fd22e551a23419b6f142f2c63705) Importer(815301076,1909f56bfc062723c751e8b465ee728b)
Start importing Assets/A Plinko/Scripts/PlinkoScore.cs using Guid(3e45fd22e551a23419b6f142f2c63705) Importer(815301076,1909f56bfc062723c751e8b465ee728b)  -> (artifact id: '86280cda3c3f3327b9790c78ca1d9377') in 0.057620 seconds
  Import took 0.067611 seconds .

========================================================================
Received Import Request.
  Time since last request: 41.037969 seconds.
  path: Assets/Z Packages/Simple UI/Canvas.prefab
  artifactKey: Guid(5d7e16de5070a4242a0ee8a4e8d602b7) Importer(815301076,1909f56bfc062723c751e8b465ee728b)
Start importing Assets/Z Packages/Simple UI/Canvas.prefab using Guid(5d7e16de5070a4242a0ee8a4e8d602b7) Importer(815301076,1909f56bfc062723c751e8b465ee728b)  -> (artifact id: '7ab375d9a954e88293002034244d8dc3') in 0.194663 seconds
  Import took 0.219325 seconds .

========================================================================
Received Import Request.
  Time since last request: 10.450429 seconds.
  path: Assets/Z Packages/Silbird-----/Scenes
  artifactKey: Guid(247364ecd94eaa5498147f370c746e44) Importer(815301076,1909f56bfc062723c751e8b465ee728b)
Start importing Assets/Z Packages/Silbird-----/Scenes using Guid(247364ecd94eaa5498147f370c746e44) Importer(815301076,1909f56bfc062723c751e8b465ee728b)  -> (artifact id: '2e88408eabd19b2091af0a9248f14bbe') in 0.051582 seconds
  Import took 0.060617 seconds .

========================================================================
Received Import Request.
  Time since last request: 3.757781 seconds.
  path: Assets/Z Packages/Silbird-----/Scenes/Game01
  artifactKey: Guid(535f67877d7afd24789d99ff085fb5ee) Importer(815301076,1909f56bfc062723c751e8b465ee728b)
Start importing Assets/Z Packages/Silbird-----/Scenes/Game01 using Guid(535f67877d7afd24789d99ff085fb5ee) Importer(815301076,1909f56bfc062723c751e8b465ee728b)  -> (artifact id: '73b28dd4169cbc526a547076ab572f9f') in 0.051959 seconds
  Import took 0.071613 seconds .

========================================================================
Received Import Request.
  Time since last request: 0.026943 seconds.
  path: Assets/Z Packages/Silbird-----/Scenes/Game01/LightingData.asset
  artifactKey: Guid(88b65ea2ca285bd4e92fb3bc92ea6013) Importer(815301076,1909f56bfc062723c751e8b465ee728b)
Start importing Assets/Z Packages/Silbird-----/Scenes/Game01/LightingData.asset using Guid(88b65ea2ca285bd4e92fb3bc92ea6013) Importer(815301076,1909f56bfc062723c751e8b465ee728b)  -> (artifact id: '848caeb3bf9b2a5cb93c8333f857ab59') in 0.093717 seconds
  Import took 0.100753 seconds .

========================================================================
Received Prepare
Registering precompiled user dll's ...
Registered in 0.105811 seconds.
Begin MonoManager ReloadAssembly
Native extension for WindowsStandalone target not found
Refreshing native plugins compatible for Editor in 2.72 ms, found 0 plugins.
Preloading 0 native plugins for Editor in 0.00 ms.
Warning: Annotation not found!
UnityEngine.StackTraceUtility:ExtractStackTrace ()
UnityEditor.ProBuilder.EditorUtility:SetGizmoIconEnabled (System.Type,bool) (at Library/PackageCache/com.unity.probuilder@4.5.0/Editor/EditorCore/EditorUtility.cs:593)
UnityEditor.ProBuilder.HierarchyListener:.cctor () (at Library/PackageCache/com.unity.probuilder@4.5.0/Editor/EditorCore/HierarchyListener.cs:21)
System.Runtime.CompilerServices.RuntimeHelpers:RunClassConstructor (System.RuntimeTypeHandle)
UnityEditor.EditorAssemblies:ProcessInitializeOnLoadAttributes (System.Type[])

[Library/PackageCache/com.unity.probuilder@4.5.0/Editor/EditorCore/EditorUtility.cs line 593]

Mono: successfully reloaded assembly
- Completed reload, in  4.756 seconds
Platform modules already initialized, skipping
Refreshing native plugins compatible for Editor in 0.85 ms, found 0 plugins.
Preloading 0 native plugins for Editor in 0.00 ms.
Unloading 1649 Unused Serialized files (Serialized files now loaded: 0)
System memory in use before: 82.6 MB.
System memory in use after: 82.7 MB.

Unloading 9 unused Assets to reduce memory usage. Loaded Objects now: 2185.
Total: 7.078200 ms (FindLiveObjects: 0.924800 ms CreateObjectMapping: 0.251500 ms MarkObjects: 5.660900 ms  DeleteObjects: 0.236600 ms)

========================================================================
Received Prepare
Registering precompiled user dll's ...
Registered in 0.021329 seconds.
Begin MonoManager ReloadAssembly
Native extension for WindowsStandalone target not found
Refreshing native plugins compatible for Editor in 0.88 ms, found 0 plugins.
Preloading 0 native plugins for Editor in 0.00 ms.
Warning: Annotation not found!
UnityEngine.StackTraceUtility:ExtractStackTrace ()
UnityEditor.ProBuilder.EditorUtility:SetGizmoIconEnabled (System.Type,bool) (at Library/PackageCache/com.unity.probuilder@4.5.0/Editor/EditorCore/EditorUtility.cs:593)
UnityEditor.ProBuilder.HierarchyListener:.cctor () (at Library/PackageCache/com.unity.probuilder@4.5.0/Editor/EditorCore/HierarchyListener.cs:21)
System.Runtime.CompilerServices.RuntimeHelpers:RunClassConstructor (System.RuntimeTypeHandle)
UnityEditor.EditorAssemblies:ProcessInitializeOnLoadAttributes (System.Type[])

[Library/PackageCache/com.unity.probuilder@4.5.0/Editor/EditorCore/EditorUtility.cs line 593]

Mono: successfully reloaded assembly
- Completed reload, in  4.306 seconds
Platform modules already initialized, skipping
Refreshing native plugins compatible for Editor in 0.80 ms, found 0 plugins.
Preloading 0 native plugins for Editor in 0.00 ms.
Unloading 1648 Unused Serialized files (Serialized files now loaded: 0)
System memory in use before: 82.6 MB.
System memory in use after: 82.7 MB.

Unloading 7 unused Assets to reduce memory usage. Loaded Objects now: 2188.
Total: 4.613600 ms (FindLiveObjects: 0.572800 ms CreateObjectMapping: 0.100300 ms MarkObjects: 3.708600 ms  DeleteObjects: 0.228100 ms)

